{
  "uid" : "51310b5efcc7aa0f",
  "name" : "test_guest_cant_see_success_message_after_adding_product_to_basket",
  "fullName" : "module_5.test_product_page.TestCasesForGuest#test_guest_cant_see_success_message_after_adding_product_to_basket",
  "historyId" : "f7e9c777ef0398d03d977af376091f43",
  "time" : {
    "start" : 1624122619168,
    "stop" : 1624122623564,
    "duration" : 4396
  },
  "status" : "skipped",
  "statusMessage" : "XFAIL fixing this bug right now\n\nAssertionError: Success message is presented, but should not be",
  "statusTrace" : "self = <module_5.test_product_page.TestCasesForGuest object at 0x000001D53D053250>\nbrowser = <selenium.webdriver.chrome.webdriver.WebDriver (session=\"74675b82d14b50f1bcd51180808cc5e9\")>\n\n    @pytest.mark.lesson5_step6\n    @pytest.mark.xfail(reason=\"fixing this bug right now\")\n    def test_guest_cant_see_success_message_after_adding_product_to_basket(self, browser):\n        link = \"http://selenium1py.pythonanywhere.com/catalogue/coders-at-work_207/\"\n        product_page = ProductPage(browser, link)\n        product_page.open()\n        product_page.add_to_cart_from_product_page()\n>       product_page.should_not_be_success_message()\n\nmodule_5\\test_product_page.py:61: \n_ _ _ _ _ _ _ _ _ _ _ _ _ _ _ _ _ _ _ _ _ _ _ _ _ _ _ _ _ _ _ _ _ _ _ _ _ _ _ _ _ _ _ _ _ _ _ _ _ _ _ _ _ _ _ _ _ _ _ _ _ _ _ _ _ _ _ _ _ _ _ _ _ _ _\n\nself = <module_5.pages.product_page.ProductPage object at 0x000001D53D0622B0>\n\n    def should_not_be_success_message(self):\n>       assert self.is_not_element_present(*ProductPageLocators.SUCCESS_MSG), \\\n            \"Success message is presented, but should not be\"\nE       AssertionError: Success message is presented, but should not be\n\nmodule_5\\pages\\product_page.py:29: AssertionError",
  "flaky" : false,
  "newFailed" : false,
  "beforeStages" : [ {
    "name" : "browser",
    "time" : {
      "start" : 1624122618004,
      "stop" : 1624122619168,
      "duration" : 1164
    },
    "status" : "passed",
    "steps" : [ ],
    "attachments" : [ ],
    "parameters" : [ ],
    "attachmentsCount" : 0,
    "shouldDisplayMessage" : false,
    "hasContent" : false,
    "stepsCount" : 0
  }, {
    "name" : "language",
    "time" : {
      "start" : 1624122473096,
      "stop" : 1624122473096,
      "duration" : 0
    },
    "status" : "passed",
    "steps" : [ ],
    "attachments" : [ ],
    "parameters" : [ ],
    "attachmentsCount" : 0,
    "shouldDisplayMessage" : false,
    "hasContent" : false,
    "stepsCount" : 0
  } ],
  "afterStages" : [ {
    "name" : "browser::0",
    "time" : {
      "start" : 1624122623570,
      "stop" : 1624122625702,
      "duration" : 2132
    },
    "status" : "passed",
    "steps" : [ ],
    "attachments" : [ ],
    "parameters" : [ ],
    "attachmentsCount" : 0,
    "shouldDisplayMessage" : false,
    "hasContent" : false,
    "stepsCount" : 0
  } ],
  "labels" : [ {
    "name" : "tag",
    "value" : "@pytest.mark.xfail(reason='fixing this bug right now')"
  }, {
    "name" : "tag",
    "value" : "lesson5_step6"
  }, {
    "name" : "parentSuite",
    "value" : "module_5"
  }, {
    "name" : "suite",
    "value" : "test_product_page"
  }, {
    "name" : "subSuite",
    "value" : "TestCasesForGuest"
  }, {
    "name" : "host",
    "value" : "DESKTOP-713IL0B"
  }, {
    "name" : "thread",
    "value" : "14228-MainThread"
  }, {
    "name" : "framework",
    "value" : "pytest"
  }, {
    "name" : "language",
    "value" : "cpython3"
  }, {
    "name" : "package",
    "value" : "module_5.test_product_page"
  }, {
    "name" : "resultFormat",
    "value" : "allure2"
  } ],
  "parameters" : [ ],
  "links" : [ ],
  "hidden" : true,
  "retry" : true,
  "extra" : {
    "categories" : [ ],
    "tags" : [ "@pytest.mark.xfail(reason='fixing this bug right now')", "lesson5_step6" ]
  },
  "source" : "51310b5efcc7aa0f.json",
  "parameterValues" : [ ]
}