{
  "uid" : "d70e66fa8e703243",
  "name" : "test_guest_cant_see_success_message_after_adding_product_to_basket",
  "fullName" : "module_5.test_product_page.TestCasesForGuest#test_guest_cant_see_success_message_after_adding_product_to_basket",
  "historyId" : "f7e9c777ef0398d03d977af376091f43",
  "time" : {
    "start" : 1624122908930,
    "stop" : 1624122914670,
    "duration" : 5740
  },
  "status" : "skipped",
  "statusMessage" : "XFAIL fixing this bug right now\n\nAssertionError: Success message is presented, but should not be",
  "statusTrace" : "self = <module_5.test_product_page.TestCasesForGuest object at 0x0000019C266ABC40>\nbrowser = <selenium.webdriver.chrome.webdriver.WebDriver (session=\"567f205924565084a868fa66bf1dc2f4\")>\n\n    @pytest.mark.lesson5_step6\n    @pytest.mark.xfail(reason=\"fixing this bug right now\")\n    def test_guest_cant_see_success_message_after_adding_product_to_basket(self, browser):\n        link = \"http://selenium1py.pythonanywhere.com/catalogue/coders-at-work_207/\"\n        product_page = ProductPage(browser, link)\n        product_page.open()\n        product_page.add_to_cart_from_product_page()\n>       product_page.should_not_be_success_message()\n\nmodule_5\\test_product_page.py:61: \n_ _ _ _ _ _ _ _ _ _ _ _ _ _ _ _ _ _ _ _ _ _ _ _ _ _ _ _ _ _ _ _ _ _ _ _ _ _ _ _ _ _ _ _ _ _ _ _ _ _ _ _ _ _ _ _ _ _ _ _ _ _ _ _ _ _ _ _ _ _ _ _ _ _ _\n\nself = <module_5.pages.product_page.ProductPage object at 0x0000019C2668C670>\n\n    def should_not_be_success_message(self):\n>       assert self.is_not_element_present(*ProductPageLocators.SUCCESS_MSG), \\\n            \"Success message is presented, but should not be\"\nE       AssertionError: Success message is presented, but should not be\n\nmodule_5\\pages\\product_page.py:29: AssertionError",
  "flaky" : false,
  "newFailed" : false,
  "beforeStages" : [ {
    "name" : "browser",
    "time" : {
      "start" : 1624122907768,
      "stop" : 1624122908929,
      "duration" : 1161
    },
    "status" : "passed",
    "steps" : [ ],
    "attachments" : [ ],
    "parameters" : [ ],
    "attachmentsCount" : 0,
    "shouldDisplayMessage" : false,
    "hasContent" : false,
    "stepsCount" : 0
  }, {
    "name" : "language",
    "time" : {
      "start" : 1624122756732,
      "stop" : 1624122756732,
      "duration" : 0
    },
    "status" : "passed",
    "steps" : [ ],
    "attachments" : [ ],
    "parameters" : [ ],
    "attachmentsCount" : 0,
    "shouldDisplayMessage" : false,
    "hasContent" : false,
    "stepsCount" : 0
  } ],
  "afterStages" : [ {
    "name" : "browser::0",
    "time" : {
      "start" : 1624122914676,
      "stop" : 1624122916830,
      "duration" : 2154
    },
    "status" : "passed",
    "steps" : [ ],
    "attachments" : [ ],
    "parameters" : [ ],
    "attachmentsCount" : 0,
    "shouldDisplayMessage" : false,
    "hasContent" : false,
    "stepsCount" : 0
  } ],
  "labels" : [ {
    "name" : "tag",
    "value" : "@pytest.mark.xfail(reason='fixing this bug right now')"
  }, {
    "name" : "tag",
    "value" : "lesson5_step6"
  }, {
    "name" : "parentSuite",
    "value" : "module_5"
  }, {
    "name" : "suite",
    "value" : "test_product_page"
  }, {
    "name" : "subSuite",
    "value" : "TestCasesForGuest"
  }, {
    "name" : "host",
    "value" : "DESKTOP-713IL0B"
  }, {
    "name" : "thread",
    "value" : "14768-MainThread"
  }, {
    "name" : "framework",
    "value" : "pytest"
  }, {
    "name" : "language",
    "value" : "cpython3"
  }, {
    "name" : "package",
    "value" : "module_5.test_product_page"
  }, {
    "name" : "resultFormat",
    "value" : "allure2"
  } ],
  "parameters" : [ ],
  "links" : [ ],
  "hidden" : false,
  "retry" : false,
  "extra" : {
    "severity" : "normal",
    "retries" : [ {
      "uid" : "51310b5efcc7aa0f",
      "status" : "skipped",
      "statusDetails" : "XFAIL fixing this bug right now\n\nAssertionError: Success message is presented, but should not be",
      "time" : {
        "start" : 1624122619168,
        "stop" : 1624122623564,
        "duration" : 4396
      }
    } ],
    "categories" : [ ],
    "tags" : [ "@pytest.mark.xfail(reason='fixing this bug right now')", "lesson5_step6" ]
  },
  "source" : "d70e66fa8e703243.json",
  "parameterValues" : [ ]
}